<?xml version="1.0" encoding="UTF-8"?>
<!-- Generated by org.testng.reporters.JUnitXMLReporter -->
<testsuite hostname="LAPTOP-8374LIJ1" ignored="2" name="Default test(failed)" tests="2" failures="0" timestamp="16 Aug 2022 07:32:12 GMT" time="7.584" errors="0">
  <testcase name="verifylabeltest" time="0.06" classname="TestCases.LoginPageTest"/>
  <testcase name="verifytitleTest" time="0.006" classname="TestCases.LoginPageTest"/>
  <testcase name="verifylogoTest" time="0.0" classname="TestCases.LoginPageTest">
    <ignored/>
  </testcase> <!-- verifylogoTest -->
  <testcase name="zerodhalogintest" time="0.0" classname="TestCases.LoginPageTest">
    <ignored/>
  </testcase> <!-- zerodhalogintest -->
</testsuite> <!-- Default test(failed) -->
