<?xml version="1.0" encoding="UTF-8"?>
<!-- Generated by org.testng.reporters.JUnitXMLReporter -->
<testsuite hostname="LAPTOP-8374LIJ1" ignored="0" name="Test" tests="3" failures="0" timestamp="19 Aug 2022 12:41:12 GMT" time="16.56" errors="0">
  <testcase name="openrediff" time="10.891" classname="TestCases.paralleltest"/>
  <testcase name="openfb" time="16.145" classname="TestCases.paralleltest"/>
  <testcase name="opengoggle" time="16.545" classname="TestCases.paralleltest"/>
</testsuite> <!-- Test -->
